==============================================================
Vivado(TM) HLS - High-Level Synthesis from C, C++ and SystemC v2019.2 (64-bit)
Copyright 1986-2019 Xilinx, Inc. All Rights Reserved.
==============================================================
INFO: [SYN 201-201] Setting up clock 'default' with a period of 10ns.
INFO: [HLS 200-10] Setting target device to 'xc7z020-clg400-2'
INFO: [SYN 201-201] Setting up clock 'default' with a period of 10ns.
INFO: [SCHED 204-61] Option 'relax_ii_for_timing' is enabled, will increase II to preserve clock frequency constraints.
INFO: [HLS 200-10] Analyzing design file 'zynq7020_hls/src/main.cpp' ... 
INFO: [HLS 200-111] Finished Linking Time (s): cpu = 00:00:05 ; elapsed = 00:00:20 . Memory (MB): peak = 209.664 ; gain = 119.977
INFO: [HLS 200-111] Finished Checking Pragmas Time (s): cpu = 00:00:05 ; elapsed = 00:00:20 . Memory (MB): peak = 209.664 ; gain = 119.977
INFO: [HLS 200-10] Starting code transformations ...
ERROR: [SYNCHK 200-79] Cannot find the top function 'main' in the design. Possible causes are: (1) the top function name is misspelled; (2) the top function is nonexistent or declared as static.
ERROR: [HLS 200-70] Synthesizability check failed.
==============================================================
Vivado(TM) HLS - High-Level Synthesis from C, C++ and SystemC v2019.2 (64-bit)
Copyright 1986-2019 Xilinx, Inc. All Rights Reserved.
==============================================================
INFO: [SYN 201-201] Setting up clock 'default' with a period of 10ns.
INFO: [HLS 200-10] Setting target device to 'xc7z020-clg400-2'
INFO: [SYN 201-201] Setting up clock 'default' with a period of 10ns.
INFO: [SCHED 204-61] Option 'relax_ii_for_timing' is enabled, will increase II to preserve clock frequency constraints.
INFO: [HLS 200-10] Analyzing design file 'zynq7020_hls/src/main.cpp' ... 
INFO: [HLS 200-111] Finished Linking Time (s): cpu = 00:00:02 ; elapsed = 00:00:08 . Memory (MB): peak = 209.258 ; gain = 116.520
INFO: [HLS 200-111] Finished Checking Pragmas Time (s): cpu = 00:00:02 ; elapsed = 00:00:08 . Memory (MB): peak = 209.258 ; gain = 116.520
INFO: [HLS 200-10] Starting code transformations ...
INFO: [HLS 200-111] Finished Standard Transforms Time (s): cpu = 00:00:03 ; elapsed = 00:00:09 . Memory (MB): peak = 215.207 ; gain = 122.469
INFO: [HLS 200-10] Checking synthesizability ...
INFO: [XFORM 203-602] Inlining function 'fp_struct<float>::mantissa' into 'generic_cast_IEEE754<int, (ap_q_mode)6, float>' (r:/builds/2019.2/continuous/2019_11_06_2708876/src/products/hls/hls_lib/hlsmath/include/FloatingPoint\hls_case_IEEE754.h:15) automatically.
INFO: [XFORM 203-602] Inlining function 'fp_struct<float>::expv' into 'generic_cast_IEEE754<int, (ap_q_mode)6, float>' (r:/builds/2019.2/continuous/2019_11_06_2708876/src/products/hls/hls_lib/hlsmath/include/FloatingPoint\hls_case_IEEE754.h:18) automatically.
INFO: [XFORM 203-602] Inlining function 'fp_struct<float>::__signbit' into 'generic_cast_IEEE754<int, (ap_q_mode)6, float>' (r:/builds/2019.2/continuous/2019_11_06_2708876/src/products/hls/hls_lib/hlsmath/include/FloatingPoint\hls_case_IEEE754.h:59) automatically.
INFO: [XFORM 203-602] Inlining function 'generic_cast_IEEE754<int, (ap_q_mode)6, float>' into 'generic_cast_IEEE754<int, float>' (r:/builds/2019.2/continuous/2019_11_06_2708876/src/products/hls/hls_lib/hlsmath/include/FloatingPoint\hls_case_IEEE754.h:117) automatically.
INFO: [XFORM 203-602] Inlining function 'generic_cast_IEEE754<int, float>' into '__hls_fptosi_float_i32' (r:/builds/2019.2/continuous/2019_11_06_2708876/src/products/hls/hls_lib/hlsmath/src/lib_floatconversion.cpp:51) automatically.
INFO: [HLS 200-111] Finished Checking Synthesizability Time (s): cpu = 00:00:03 ; elapsed = 00:00:10 . Memory (MB): peak = 244.285 ; gain = 151.547
WARNING: [XFORM 203-1103] Ignored data pack directive on non-struct variable 'out_data.data.V' (zynq7020_hls/src/main.cpp:32).
WARNING: [XFORM 203-1103] Ignored data pack directive on non-struct variable 'in_data.data.V' (zynq7020_hls/src/main.cpp:32).
INFO: [XFORM 203-502] Unrolling all sub-loops inside loop 'Loop-1.5.1.1' (zynq7020_hls/src/main.cpp:125) in function 'cnn' for pipelining.
INFO: [XFORM 203-502] Unrolling all sub-loops inside loop 'Loop-1.7.1.1' (zynq7020_hls/src/main.cpp:209) in function 'cnn' for pipelining.
WARNING: [XFORM 203-503] Cannot unroll loop 'Loop-1.5.1.1.1' (zynq7020_hls/src/main.cpp:130) in function 'cnn': cannot completely unroll a loop with a variable trip count.
WARNING: [XFORM 203-503] Cannot unroll loop 'Loop-1.5.1.1.1.1' (zynq7020_hls/src/main.cpp:133) in function 'cnn': cannot completely unroll a loop with a variable trip count.
WARNING: [XFORM 203-503] Cannot unroll loop 'Loop-1.5.1.1.1.1.1' (zynq7020_hls/src/main.cpp:136) in function 'cnn': cannot completely unroll a loop with a variable trip count.
WARNING: [XFORM 203-503] Cannot unroll loop 'Loop-1.7.1.1.1' (zynq7020_hls/src/main.cpp:213) in function 'cnn': cannot completely unroll a loop with a variable trip count.
WARNING: [XFORM 203-503] Cannot unroll loop 'Loop-1.7.1.1.1.1' (zynq7020_hls/src/main.cpp:215) in function 'cnn': cannot completely unroll a loop with a variable trip count.
INFO: [XFORM 203-102] Partitioning array 'Filter_size' (zynq7020_hls/src/main.cpp:42) automatically.
INFO: [XFORM 203-102] Partitioning array 'Input_Size' (zynq7020_hls/src/main.cpp:42) automatically.
INFO: [XFORM 203-602] Inlining function 'fp_struct<float>::mantissa' into 'generic_cast_IEEE754<int, (ap_q_mode)6, float>' (r:/builds/2019.2/continuous/2019_11_06_2708876/src/products/hls/hls_lib/hlsmath/include/FloatingPoint\hls_case_IEEE754.h:15) automatically.
INFO: [XFORM 203-602] Inlining function 'fp_struct<float>::expv' into 'generic_cast_IEEE754<int, (ap_q_mode)6, float>' (r:/builds/2019.2/continuous/2019_11_06_2708876/src/products/hls/hls_lib/hlsmath/include/FloatingPoint\hls_case_IEEE754.h:18) automatically.
INFO: [XFORM 203-602] Inlining function 'fp_struct<float>::__signbit' into 'generic_cast_IEEE754<int, (ap_q_mode)6, float>' (r:/builds/2019.2/continuous/2019_11_06_2708876/src/products/hls/hls_lib/hlsmath/include/FloatingPoint\hls_case_IEEE754.h:59) automatically.
INFO: [XFORM 203-602] Inlining function 'generic_cast_IEEE754<int, (ap_q_mode)6, float>' into 'generic_cast_IEEE754<int, float>' (r:/builds/2019.2/continuous/2019_11_06_2708876/src/products/hls/hls_lib/hlsmath/include/FloatingPoint\hls_case_IEEE754.h:117) automatically.
INFO: [XFORM 203-602] Inlining function 'generic_cast_IEEE754<int, float>' into '__hls_fptosi_float_i32' (r:/builds/2019.2/continuous/2019_11_06_2708876/src/products/hls/hls_lib/hlsmath/src/lib_floatconversion.cpp:51) automatically.
INFO: [XFORM 203-11] Balancing expressions in function 'cnn' (zynq7020_hls/src/main.cpp:32)...3 expression(s) balanced.
INFO: [HLS 200-111] Finished Pre-synthesis Time (s): cpu = 00:00:04 ; elapsed = 00:00:11 . Memory (MB): peak = 306.840 ; gain = 214.102
INFO: [XFORM 203-603] Evaluating the output(s) of a call to function '__hls_fptosi_float_i32' (zynq7020_hls/src/main.cpp:49:20) in function 'cnn' and propagating its result(s) since all actual argument(s) to the function are constants.
INFO: [XFORM 203-603] Evaluating the output(s) of a call to function '__hls_fptosi_float_i32' (zynq7020_hls/src/main.cpp:93:16) in function 'cnn' and propagating its result(s) since all actual argument(s) to the function are constants.
INFO: [XFORM 203-603] Evaluating the output(s) of a call to function '__hls_fptosi_float_i32' (zynq7020_hls/src/main.cpp:102:15) in function 'cnn' and propagating its result(s) since all actual argument(s) to the function are constants.
INFO: [XFORM 203-603] Evaluating the output(s) of a call to function '__hls_fptosi_float_i32' (zynq7020_hls/src/main.cpp:285:17) in function 'cnn' and propagating its result(s) since all actual argument(s) to the function are constants.
WARNING: [XFORM 203-542] Cannot flatten a loop nest 'Loop-1.5.1.1' (zynq7020_hls/src/main.cpp:125:28) in function 'cnn' : 

the outer loop is not a perfect loop because there is nontrivial logic before entering the inner loop.
INFO: [XFORM 203-541] Flattening a loop nest 'Loop-1.5.1' (zynq7020_hls/src/main.cpp:123:24) in function 'cnn'.
INFO: [XFORM 203-541] Flattening a loop nest 'Loop-1.5' (zynq7020_hls/src/main.cpp:121:20) in function 'cnn'.
WARNING: [XFORM 203-542] Cannot flatten a loop nest 'Loop-1.7.1.1' (zynq7020_hls/src/main.cpp:209:28) in function 'cnn' : 

the outer loop is not a perfect loop because there is nontrivial logic before entering the inner loop.
INFO: [XFORM 203-541] Flattening a loop nest 'Loop-1.7.1' (zynq7020_hls/src/main.cpp:207:24) in function 'cnn'.
INFO: [XFORM 203-541] Flattening a loop nest 'Loop-1.7' (zynq7020_hls/src/main.cpp:205:20) in function 'cnn'.
WARNING: [XFORM 203-561] 'Loop-1' (zynq7020_hls/src/main.cpp:46:15) in function 'cnn' is an infinite loop.
WARNING: [XFORM 203-542] Cannot flatten a loop nest 'Loop-1' (zynq7020_hls/src/main.cpp:46:15) in function 'cnn' : 

more than one sub loop.
WARNING: [XFORM 203-631] Renaming function '__hls_fptosi_float_i32' to '__hls_fptosi_float_i' (r:/builds/2019.2/continuous/2019_11_06_2708876/src/products/hls/hls_lib/hlsmath/src/lib_floatconversion.cpp:15:54)
INFO: [HLS 200-472] Inferring partial write operation for 'Parameters' (zynq7020_hls/src/main.cpp:49:20)
INFO: [HLS 200-472] Inferring partial write operation for 'Input' (zynq7020_hls/src/main.cpp:82:4)
INFO: [HLS 200-472] Inferring partial write operation for 'Bias' (zynq7020_hls/src/main.cpp:94:5)
INFO: [HLS 200-472] Inferring partial write operation for 'Weight' (zynq7020_hls/src/main.cpp:103:4)
INFO: [HLS 200-472] Inferring partial write operation for 'Input' (zynq7020_hls/src/main.cpp:191:4)
INFO: [HLS 200-472] Inferring partial write operation for 'Input' (zynq7020_hls/src/main.cpp:275:5)
INFO: [HLS 200-472] Inferring partial write operation for 'Bias' (zynq7020_hls/src/main.cpp:286:6)
INFO: [HLS 200-472] Inferring partial write operation for 'Weight' (zynq7020_hls/src/main.cpp:308:5)
INFO: [HLS 200-111] Finished Architecture Synthesis Time (s): cpu = 00:00:05 ; elapsed = 00:00:12 . Memory (MB): peak = 327.465 ; gain = 234.727
INFO: [HLS 200-10] Starting hardware synthesis ...
INFO: [HLS 200-10] Synthesizing 'cnn' ...
WARNING: [SYN 201-103] Legalizing function name '__hls_fptosi_float_i' to 'p_hls_fptosi_float_i'.
INFO: [HLS 200-10] ----------------------------------------------------------------
INFO: [HLS 200-42] -- Implementing module 'Axi_Transfer' 
INFO: [HLS 200-10] ----------------------------------------------------------------
INFO: [SCHED 204-11] Starting scheduling ...
INFO: [SCHED 204-61] Pipelining function 'Axi_Transfer'.
INFO: [SCHED 204-61] Pipelining result : Target II = 1, Final II = 1, Depth = 1.
INFO: [SCHED 204-11] Finished scheduling.
INFO: [HLS 200-111]  Elapsed time: 12.471 seconds; current allocated memory: 263.792 MB.
INFO: [BIND 205-100] Starting micro-architecture generation ...
INFO: [BIND 205-101] Performing variable lifetime analysis.
INFO: [BIND 205-101] Exploring resource sharing.
INFO: [BIND 205-101] Binding ...
INFO: [BIND 205-100] Finished micro-architecture generation.
INFO: [HLS 200-111]  Elapsed time: 0.133 seconds; current allocated memory: 263.893 MB.
INFO: [HLS 200-10] ----------------------------------------------------------------
INFO: [HLS 200-42] -- Implementing module 'p_hls_fptosi_float_i' 
INFO: [HLS 200-10] ----------------------------------------------------------------
INFO: [SCHED 204-11] Starting scheduling ...
INFO: [SCHED 204-61] Pipelining function '__hls_fptosi_float_i'.
INFO: [SCHED 204-61] Pipelining result : Target II = 1, Final II = 1, Depth = 1.
INFO: [SCHED 204-11] Finished scheduling.
INFO: [HLS 200-111]  Elapsed time: 0.134 seconds; current allocated memory: 264.027 MB.
INFO: [BIND 205-100] Starting micro-architecture generation ...
INFO: [BIND 205-101] Performing variable lifetime analysis.
INFO: [BIND 205-101] Exploring resource sharing.
INFO: [BIND 205-101] Binding ...
INFO: [BIND 205-100] Finished micro-architecture generation.
INFO: [HLS 200-111]  Elapsed time: 0.117 seconds; current allocated memory: 264.129 MB.
INFO: [HLS 200-10] ----------------------------------------------------------------
INFO: [HLS 200-42] -- Implementing module 'cnn' 
INFO: [HLS 200-10] ----------------------------------------------------------------
INFO: [SCHED 204-11] Starting scheduling ...
WARNING: [SCHED 204-65] Unable to satisfy pipeline directive: Loop contains subloop(s) not being unrolled or flattened.
WARNING: [SCHED 204-65] Unable to satisfy pipeline directive: Loop contains subloop(s) not being unrolled or flattened.
INFO: [SCHED 204-11] Finished scheduling.
INFO: [HLS 200-111]  Elapsed time: 0.46 seconds; current allocated memory: 266.211 MB.
INFO: [BIND 205-100] Starting micro-architecture generation ...
INFO: [BIND 205-101] Performing variable lifetime analysis.
INFO: [BIND 205-101] Exploring resource sharing.
INFO: [BIND 205-101] Binding ...
INFO: [BIND 205-100] Finished micro-architecture generation.
INFO: [HLS 200-111]  Elapsed time: 0.43 seconds; current allocated memory: 269.095 MB.
INFO: [HLS 200-10] ----------------------------------------------------------------
INFO: [HLS 200-10] -- Generating RTL for module 'Axi_Transfer' 
INFO: [HLS 200-10] ----------------------------------------------------------------
INFO: [RTGEN 206-100] Finished creating RTL model for 'Axi_Transfer'.
INFO: [HLS 200-111]  Elapsed time: 0.497 seconds; current allocated memory: 269.668 MB.
INFO: [HLS 200-10] ----------------------------------------------------------------
INFO: [HLS 200-10] -- Generating RTL for module 'p_hls_fptosi_float_i' 
INFO: [HLS 200-10] ----------------------------------------------------------------
INFO: [RTGEN 206-100] Finished creating RTL model for 'p_hls_fptosi_float_i'.
INFO: [HLS 200-111]  Elapsed time: 0.146 seconds; current allocated memory: 269.925 MB.
INFO: [HLS 200-10] ----------------------------------------------------------------
INFO: [HLS 200-10] -- Generating RTL for module 'cnn' 
INFO: [HLS 200-10] ----------------------------------------------------------------
INFO: [RTGEN 206-500] Setting interface mode on port 'cnn/in_data_data_V' to 'axis' (register, both mode).
INFO: [RTGEN 206-500] Setting interface mode on port 'cnn/in_data_keep_V' to 'axis' (register, both mode).
INFO: [RTGEN 206-500] Setting interface mode on port 'cnn/in_data_strb_V' to 'axis' (register, both mode).
INFO: [RTGEN 206-500] Setting interface mode on port 'cnn/in_data_user_V' to 'axis' (register, both mode).
INFO: [RTGEN 206-500] Setting interface mode on port 'cnn/in_data_last_V' to 'axis' (register, both mode).
INFO: [RTGEN 206-500] Setting interface mode on port 'cnn/in_data_id_V' to 'axis' (register, both mode).
INFO: [RTGEN 206-500] Setting interface mode on port 'cnn/in_data_dest_V' to 'axis' (register, both mode).
INFO: [RTGEN 206-500] Setting interface mode on port 'cnn/out_data_data_V' to 'axis' (register, both mode).
INFO: [RTGEN 206-500] Setting interface mode on port 'cnn/out_data_keep_V' to 'axis' (register, both mode).
INFO: [RTGEN 206-500] Setting interface mode on port 'cnn/out_data_strb_V' to 'axis' (register, both mode).
INFO: [RTGEN 206-500] Setting interface mode on port 'cnn/out_data_user_V' to 'axis' (register, both mode).
INFO: [RTGEN 206-500] Setting interface mode on port 'cnn/out_data_last_V' to 'axis' (register, both mode).
INFO: [RTGEN 206-500] Setting interface mode on port 'cnn/out_data_id_V' to 'axis' (register, both mode).
INFO: [RTGEN 206-500] Setting interface mode on port 'cnn/out_data_dest_V' to 'axis' (register, both mode).
INFO: [RTGEN 206-500] Setting interface mode on function 'cnn' to 'ap_ctrl_none'.
INFO: [SYN 201-210] Renamed object name 'cnn_fadd_32ns_32ns_32_4_full_dsp_1' to 'cnn_fadd_32ns_32nbkb' due to the length limit 20
INFO: [SYN 201-210] Renamed object name 'cnn_fmul_32ns_32ns_32_3_max_dsp_1' to 'cnn_fmul_32ns_32ncud' due to the length limit 20
INFO: [SYN 201-210] Renamed object name 'cnn_fdiv_32ns_32ns_32_12_1' to 'cnn_fdiv_32ns_32ndEe' due to the length limit 20
INFO: [SYN 201-210] Renamed object name 'cnn_sitofp_32ns_32_4_1' to 'cnn_sitofp_32ns_3eOg' due to the length limit 20
INFO: [SYN 201-210] Renamed object name 'cnn_fcmp_32ns_32ns_1_2_1' to 'cnn_fcmp_32ns_32nfYi' due to the length limit 20
INFO: [SYN 201-210] Renamed object name 'cnn_sdiv_32ns_32s_32_36_seq_1' to 'cnn_sdiv_32ns_32sg8j' due to the length limit 20
INFO: [SYN 201-210] Renamed object name 'cnn_mul_64ns_32ns_96_2_1' to 'cnn_mul_64ns_32nshbi' due to the length limit 20
INFO: [SYN 201-210] Renamed object name 'cnn_sdiv_32s_32s_32_36_seq_1' to 'cnn_sdiv_32s_32s_ibs' due to the length limit 20
INFO: [RTGEN 206-100] Generating core module 'cnn_fadd_32ns_32nbkb': 1 instance(s).
INFO: [RTGEN 206-100] Generating core module 'cnn_fcmp_32ns_32nfYi': 1 instance(s).
INFO: [RTGEN 206-100] Generating core module 'cnn_fdiv_32ns_32ndEe': 1 instance(s).
INFO: [RTGEN 206-100] Generating core module 'cnn_fmul_32ns_32ncud': 1 instance(s).
INFO: [RTGEN 206-100] Generating core module 'cnn_mul_64ns_32nshbi': 2 instance(s).
INFO: [RTGEN 206-100] Generating core module 'cnn_sdiv_32ns_32sg8j': 2 instance(s).
INFO: [RTGEN 206-100] Generating core module 'cnn_sdiv_32s_32s_ibs': 2 instance(s).
INFO: [RTGEN 206-100] Generating core module 'cnn_sitofp_32ns_3eOg': 1 instance(s).
INFO: [RTGEN 206-100] Finished creating RTL model for 'cnn'.
INFO: [HLS 200-111]  Elapsed time: 0.719 seconds; current allocated memory: 275.238 MB.
INFO: [HLS 200-790] **** Loop Constraint Status: All loop constraints were satisfied.
INFO: [HLS 200-789] **** Estimated Fmax: 105.50 MHz
INFO: [RTMG 210-282] Generating pipelined core: 'cnn_sdiv_32ns_32sg8j_div'
INFO: [RTMG 210-282] Generating pipelined core: 'cnn_mul_64ns_32nshbi_MulnS_0'
INFO: [RTMG 210-282] Generating pipelined core: 'cnn_sdiv_32s_32s_ibs_div'
INFO: [RTMG 210-278] Implementing memory 'cnn_Input_ram (RAM)' using block RAMs.
INFO: [RTMG 210-278] Implementing memory 'cnn_Bias_ram (RAM)' using block RAMs.
INFO: [RTMG 210-278] Implementing memory 'cnn_Parameters_ram (RAM)' using distributed RAMs.
INFO: [HLS 200-111] Finished generating all RTL models Time (s): cpu = 00:00:09 ; elapsed = 00:00:19 . Memory (MB): peak = 363.160 ; gain = 270.422
INFO: [VHDL 208-304] Generating VHDL RTL for cnn.
INFO: [VLOG 209-307] Generating Verilog RTL for cnn.
INFO: [HLS 200-112] Total elapsed time: 19.564 seconds; peak allocated memory: 275.238 MB.
==============================================================
Vivado(TM) HLS - High-Level Synthesis from C, C++ and SystemC v2019.2 (64-bit)
Copyright 1986-2019 Xilinx, Inc. All Rights Reserved.
==============================================================
INFO: [SYN 201-201] Setting up clock 'default' with a period of 10ns.
INFO: [HLS 200-10] Setting target device to 'xc7z020-clg400-2'
INFO: [IMPL 213-8] Exporting RTL as a Vivado IP.
